2025-04-20 04:59:12,821 - INFO - Starting up the application...
2025-04-20 04:59:12,830 - INFO - Application started up successfully.
2025-04-20 04:59:14,942 - INFO - Request: GET http://127.0.0.1:8000/
2025-04-20 04:59:14,943 - INFO - Response: 404
2025-04-20 04:59:14,976 - INFO - Request: GET http://127.0.0.1:8000/favicon.ico
2025-04-20 04:59:14,976 - INFO - Response: 404
2025-04-20 04:59:18,629 - INFO - Request: GET http://127.0.0.1:8000/docs
2025-04-20 04:59:18,630 - INFO - Response: 200
2025-04-20 04:59:18,701 - INFO - Request: GET http://127.0.0.1:8000/openapi.json
2025-04-20 04:59:18,712 - INFO - Response: 200
2025-04-20 04:59:23,210 - INFO - Request: POST http://127.0.0.1:8000/api/v1/auth/refresh
2025-04-20 04:59:23,211 - INFO - Response: 200
2025-04-20 04:59:32,099 - INFO - Request: GET http://127.0.0.1:8000/api/v1/payment/users/1
2025-04-20 04:59:32,106 - INFO - Response: 200
2025-04-20 04:59:40,550 - INFO - Request: GET http://127.0.0.1:8000/api/v1/logs/users/1
2025-04-20 04:59:40,553 - INFO - Response: 200
2025-04-20 04:59:56,796 - INFO - Request: GET http://127.0.0.1:8000/api/v1/video/users/1
2025-04-20 04:59:56,798 - INFO - Response: 200
2025-04-20 05:00:19,527 - INFO - Request: GET http://127.0.0.1:8000/api/v1/analysis/videos/1
2025-04-20 05:00:19,531 - INFO - Response: 400
2025-04-20 05:00:29,256 - INFO - Request: GET http://127.0.0.1:8000/api/v1/analysis/?page=1&limit=10
2025-04-20 05:00:29,258 - INFO - Response: 200
2025-04-20 05:00:33,162 - INFO - Request: GET http://127.0.0.1:8000/api/v1/analysis/videos/1
2025-04-20 05:00:33,164 - INFO - Response: 400
2025-04-20 05:00:33,268 - INFO - Request: GET http://127.0.0.1:8000/api/v1/analysis/videos/1
2025-04-20 05:00:33,270 - INFO - Response: 400
2025-04-20 05:00:55,807 - INFO - Request: POST http://127.0.0.1:8000/api/v1/analysis/
2025-04-20 05:00:55,819 - INFO - Response: 200
2025-04-20 05:01:04,229 - INFO - Request: GET http://127.0.0.1:8000/api/v1/analysis/videos/2
2025-04-20 05:01:04,231 - INFO - Response: 200
2025-04-20 05:01:16,034 - INFO - Shutting down the application...
2025-04-20 05:01:16,040 - INFO - Disconnected from the database
2025-04-20 05:01:16,040 - INFO - Application shut down successfully.
2025-04-20 15:10:29,638 - INFO - Starting up the application...
2025-04-20 15:10:29,644 - INFO - Application started up successfully.
2025-04-20 15:10:32,342 - INFO - Request: GET http://127.0.0.1:8000/docs
2025-04-20 15:10:32,343 - INFO - Response: 200
2025-04-20 15:10:32,424 - INFO - Request: GET http://127.0.0.1:8000/openapi.json
2025-04-20 15:10:32,437 - INFO - Response: 200
2025-04-20 15:10:41,541 - INFO - Request: GET http://127.0.0.1:8000/api/v1/video/?page=1&limit=10
2025-04-20 15:10:46,221 - INFO - Request: GET http://127.0.0.1:8000/api/v1/video/?page=1&limit=10
2025-04-20 15:10:51,464 - INFO - Request: POST http://127.0.0.1:8000/api/v1/auth/login
2025-04-20 15:10:51,699 - INFO - Response: 200
2025-04-20 15:10:54,044 - INFO - Request: GET http://127.0.0.1:8000/api/v1/video/?page=1&limit=10
2025-04-20 15:10:54,048 - INFO - Response: 200
2025-04-20 15:35:06,954 - INFO - Shutting down the application...
2025-04-20 15:35:06,958 - INFO - Disconnected from the database
2025-04-20 15:35:06,958 - INFO - Application shut down successfully.
2025-04-20 17:29:03,688 - INFO - Starting up the application...
2025-04-20 17:29:03,697 - INFO - Application started up successfully.
2025-04-20 17:29:04,903 - INFO - Request: GET http://127.0.0.1:8000/
2025-04-20 17:29:04,903 - INFO - Response: 404
2025-04-20 17:29:04,935 - INFO - Request: GET http://127.0.0.1:8000/favicon.ico
2025-04-20 17:29:04,935 - INFO - Response: 404
2025-04-20 17:29:17,742 - INFO - Shutting down the application...
2025-04-20 17:29:17,746 - INFO - Disconnected from the database
2025-04-20 17:29:17,747 - INFO - Application shut down successfully.
2025-04-20 17:29:18,380 - INFO - Starting up the application...
2025-04-20 17:29:18,388 - INFO - Application started up successfully.
2025-04-20 17:29:19,193 - INFO - Shutting down the application...
2025-04-20 17:29:19,197 - INFO - Disconnected from the database
2025-04-20 17:29:19,197 - INFO - Application shut down successfully.
2025-04-20 17:29:24,912 - INFO - Starting up the application...
2025-04-20 17:29:24,922 - INFO - Application started up successfully.
2025-04-20 17:29:27,409 - INFO - Starting up the application...
2025-04-20 17:29:27,418 - INFO - Application started up successfully.
2025-04-20 17:29:28,834 - INFO - Request: GET http://127.0.0.1:8000/docs
2025-04-20 17:29:28,834 - INFO - Response: 200
2025-04-20 17:29:28,903 - INFO - Request: GET http://127.0.0.1:8000/openapi.json
2025-04-20 17:29:28,918 - INFO - Response: 200
2025-04-20 17:30:05,026 - INFO - Shutting down the application...
2025-04-20 17:30:05,029 - INFO - Disconnected from the database
2025-04-20 17:30:05,029 - INFO - Application shut down successfully.
2025-04-20 17:30:07,443 - INFO - Starting up the application...
2025-04-20 17:30:07,453 - INFO - Application started up successfully.
2025-04-20 17:30:30,820 - INFO - Shutting down the application...
2025-04-20 17:30:30,824 - INFO - Disconnected from the database
2025-04-20 17:30:30,824 - INFO - Application shut down successfully.
2025-04-20 17:30:36,771 - INFO - Starting up the application...
2025-04-20 17:30:36,779 - INFO - Application started up successfully.
2025-04-20 17:30:43,499 - INFO - Shutting down the application...
2025-04-20 17:30:43,501 - INFO - Disconnected from the database
2025-04-20 17:30:43,501 - INFO - Application shut down successfully.
2025-04-20 17:30:45,911 - INFO - Starting up the application...
2025-04-20 17:30:45,921 - INFO - Application started up successfully.
2025-04-20 17:30:48,246 - INFO - Starting up the application...
2025-04-20 17:30:48,254 - INFO - Application started up successfully.
2025-04-20 17:36:48,751 - INFO - Starting up the application...
2025-04-20 17:36:48,762 - INFO - Application started up successfully.
2025-04-20 17:36:50,152 - INFO - Request: GET http://127.0.0.1:8000/
2025-04-20 17:36:50,153 - INFO - Response: 404
2025-04-20 17:36:50,186 - INFO - Request: GET http://127.0.0.1:8000/favicon.ico
2025-04-20 17:36:50,187 - INFO - Response: 404
2025-04-20 17:36:54,629 - INFO - Request: GET http://127.0.0.1:8000/docs
2025-04-20 17:36:54,629 - INFO - Response: 200
2025-04-20 17:36:54,709 - INFO - Request: GET http://127.0.0.1:8000/openapi.json
2025-04-20 17:36:54,721 - INFO - Response: 200
2025-04-20 17:37:32,143 - INFO - Request: POST http://127.0.0.1:8000/api/v1/model/analyze
2025-04-20 17:37:58,460 - INFO - Shutting down the application...
2025-04-20 17:37:58,464 - INFO - Disconnected from the database
2025-04-20 17:37:58,464 - INFO - Application shut down successfully.
2025-04-20 17:38:00,824 - INFO - Starting up the application...
2025-04-20 17:38:00,833 - INFO - Application started up successfully.
2025-04-20 17:38:02,740 - INFO - Shutting down the application...
2025-04-20 17:38:02,743 - INFO - Disconnected from the database
2025-04-20 17:38:02,744 - INFO - Application shut down successfully.
2025-04-20 17:38:05,201 - INFO - Starting up the application...
2025-04-20 17:38:05,211 - INFO - Application started up successfully.
2025-04-20 17:38:07,733 - INFO - Starting up the application...
2025-04-20 17:38:07,741 - INFO - Application started up successfully.
2025-04-20 17:38:10,142 - INFO - Starting up the application...
2025-04-20 17:38:10,151 - INFO - Application started up successfully.
2025-04-20 17:38:12,608 - INFO - Starting up the application...
2025-04-20 17:38:12,617 - INFO - Application started up successfully.
2025-04-20 17:38:14,959 - INFO - Starting up the application...
2025-04-20 17:38:14,968 - INFO - Application started up successfully.
2025-04-20 17:38:14,977 - INFO - Request: POST http://127.0.0.1:8000/api/v1/model/analyze
2025-04-20 17:38:26,224 - INFO - Request: POST http://127.0.0.1:8000/api/v1/auth/refresh
2025-04-20 17:38:26,225 - INFO - Response: 200
2025-04-20 17:38:31,082 - INFO - Request: POST http://127.0.0.1:8000/api/v1/model/analyze
2025-04-20 17:38:31,084 - INFO - Response: 400
2025-04-20 17:38:45,450 - INFO - Shutting down the application...
2025-04-20 17:38:45,454 - INFO - Disconnected from the database
2025-04-20 17:38:45,454 - INFO - Application shut down successfully.
2025-04-20 17:38:47,963 - INFO - Starting up the application...
2025-04-20 17:38:47,971 - INFO - Application started up successfully.
2025-04-20 17:38:50,340 - INFO - Starting up the application...
2025-04-20 17:38:50,348 - INFO - Application started up successfully.
2025-04-20 17:38:52,822 - INFO - Starting up the application...
2025-04-20 17:38:52,831 - INFO - Application started up successfully.
2025-04-20 17:38:52,841 - INFO - Request: POST http://127.0.0.1:8000/api/v1/model/analyze
2025-04-20 17:38:52,851 - INFO - Response: 400
2025-04-20 17:40:35,430 - INFO - Request: POST http://127.0.0.1:8000/api/v1/model/analyze
2025-04-20 17:40:35,433 - INFO - Response: 400
2025-04-20 17:41:04,090 - INFO - Shutting down the application...
2025-04-20 17:41:04,093 - INFO - Disconnected from the database
2025-04-20 17:41:04,094 - INFO - Application shut down successfully.
2025-04-20 17:41:11,868 - INFO - Starting up the application...
2025-04-20 17:41:11,877 - INFO - Application started up successfully.
2025-04-20 17:41:12,212 - INFO - Request: POST http://127.0.0.1:8000/api/v1/model/analyze
2025-04-20 17:41:29,928 - INFO - Shutting down the application...
2025-04-20 17:41:29,931 - INFO - Disconnected from the database
2025-04-20 17:41:29,931 - INFO - Application shut down successfully.
2025-04-20 17:41:32,278 - INFO - Starting up the application...
2025-04-20 17:41:32,287 - INFO - Application started up successfully.
2025-04-20 17:41:32,295 - INFO - Request: POST http://127.0.0.1:8000/api/v1/model/analyze
2025-04-20 17:41:51,226 - INFO - Request: GET http://127.0.0.1:8000/api/v1/video/?page=1&limit=10
2025-04-20 17:41:51,230 - INFO - Response: 200
2025-04-20 17:42:17,086 - INFO - Request: POST http://127.0.0.1:8000/api/v1/model/analyze
2025-04-20 17:42:35,059 - INFO - Request: GET http://127.0.0.1:8000/api/v1/video/?page=1&limit=10
2025-04-20 17:42:35,061 - INFO - Response: 200
2025-04-20 17:43:03,626 - INFO - Request: POST http://127.0.0.1:8000/api/v1/video/s3/upload
2025-04-20 17:43:04,801 - INFO - Response: 200
2025-04-20 17:45:14,644 - INFO - Request: POST http://127.0.0.1:8000/api/v1/model/analyze
2025-04-20 17:46:22,281 - INFO - Shutting down the application...
2025-04-20 17:46:22,285 - INFO - Disconnected from the database
2025-04-20 17:46:22,285 - INFO - Application shut down successfully.
2025-04-20 17:46:24,701 - INFO - Starting up the application...
2025-04-20 17:46:24,711 - INFO - Application started up successfully.
2025-04-20 17:47:14,247 - INFO - Shutting down the application...
2025-04-20 17:47:14,252 - INFO - Disconnected from the database
2025-04-20 17:47:14,252 - INFO - Application shut down successfully.
2025-04-20 17:47:25,824 - INFO - Starting up the application...
2025-04-20 17:47:25,831 - INFO - Application started up successfully.
2025-04-20 17:48:17,366 - INFO - Shutting down the application...
2025-04-20 17:48:17,370 - INFO - Disconnected from the database
2025-04-20 17:48:17,370 - INFO - Application shut down successfully.
2025-04-20 17:48:19,809 - INFO - Starting up the application...
2025-04-20 17:48:19,819 - INFO - Application started up successfully.
2025-04-20 17:48:20,323 - INFO - Shutting down the application...
2025-04-20 17:48:20,327 - INFO - Disconnected from the database
2025-04-20 17:48:20,328 - INFO - Application shut down successfully.
2025-04-20 17:48:22,740 - INFO - Starting up the application...
2025-04-20 17:48:22,750 - INFO - Application started up successfully.
2025-04-20 17:48:23,498 - INFO - Request: POST http://127.0.0.1:8000/api/v1/model/analyze
2025-04-20 17:48:45,342 - INFO - Request: GET http://127.0.0.1:8000/docs
2025-04-20 17:48:45,343 - INFO - Response: 200
2025-04-20 17:48:45,422 - INFO - Request: GET http://127.0.0.1:8000/openapi.json
2025-04-20 17:48:45,437 - INFO - Response: 200
2025-04-20 17:48:51,928 - INFO - Request: POST http://127.0.0.1:8000/api/v1/model/analyze
2025-04-20 17:49:06,670 - INFO - Shutting down the application...
2025-04-20 17:49:06,674 - INFO - Disconnected from the database
2025-04-20 17:49:06,675 - INFO - Application shut down successfully.
2025-04-20 17:49:09,075 - INFO - Starting up the application...
2025-04-20 17:49:09,084 - INFO - Application started up successfully.
2025-04-20 17:49:09,653 - INFO - Request: POST http://127.0.0.1:8000/api/v1/model/analyze
2025-04-20 17:50:24,896 - INFO - Shutting down the application...
2025-04-20 17:50:24,900 - INFO - Disconnected from the database
2025-04-20 17:50:24,900 - INFO - Application shut down successfully.
2025-04-20 17:50:27,355 - INFO - Starting up the application...
2025-04-20 17:50:27,365 - INFO - Application started up successfully.
2025-04-20 17:50:29,713 - INFO - Starting up the application...
2025-04-20 17:50:29,722 - INFO - Application started up successfully.
2025-04-20 17:50:30,003 - INFO - Request: POST http://127.0.0.1:8000/api/v1/model/analyze
2025-04-20 17:52:03,282 - INFO - Shutting down the application...
2025-04-20 17:52:03,287 - INFO - Disconnected from the database
2025-04-20 17:52:03,287 - INFO - Application shut down successfully.
2025-04-20 17:52:05,656 - INFO - Starting up the application...
2025-04-20 17:52:05,665 - INFO - Application started up successfully.
2025-04-20 17:52:06,600 - INFO - Request: POST http://127.0.0.1:8000/api/v1/model/analyze
2025-04-20 17:52:57,502 - INFO - Shutting down the application...
2025-04-20 17:52:57,504 - INFO - Disconnected from the database
2025-04-20 17:52:57,504 - INFO - Application shut down successfully.
2025-04-20 17:52:59,853 - INFO - Starting up the application...
2025-04-20 17:52:59,862 - INFO - Application started up successfully.
2025-04-20 17:53:05,178 - INFO - Shutting down the application...
2025-04-20 17:53:05,182 - INFO - Disconnected from the database
2025-04-20 17:53:05,182 - INFO - Application shut down successfully.
2025-04-20 17:53:07,540 - INFO - Starting up the application...
2025-04-20 17:53:07,550 - INFO - Application started up successfully.
2025-04-20 17:53:18,582 - INFO - Shutting down the application...
2025-04-20 17:53:18,587 - INFO - Disconnected from the database
2025-04-20 17:53:18,587 - INFO - Application shut down successfully.
2025-04-20 17:53:20,955 - INFO - Starting up the application...
2025-04-20 17:53:20,963 - INFO - Application started up successfully.
2025-04-20 17:54:06,183 - INFO - Shutting down the application...
2025-04-20 17:54:06,187 - INFO - Disconnected from the database
2025-04-20 17:54:06,187 - INFO - Application shut down successfully.
2025-04-20 17:54:08,578 - INFO - Starting up the application...
2025-04-20 17:54:08,587 - INFO - Application started up successfully.
2025-04-20 17:54:10,962 - INFO - Starting up the application...
2025-04-20 17:54:10,971 - INFO - Application started up successfully.
2025-04-20 17:54:13,270 - INFO - Starting up the application...
2025-04-20 17:54:13,279 - INFO - Application started up successfully.
2025-04-20 17:54:18,095 - INFO - Shutting down the application...
2025-04-20 17:54:18,099 - INFO - Disconnected from the database
2025-04-20 17:54:18,099 - INFO - Application shut down successfully.
2025-04-20 17:54:20,530 - INFO - Starting up the application...
2025-04-20 17:54:20,538 - INFO - Application started up successfully.
2025-04-20 17:54:23,447 - INFO - Shutting down the application...
2025-04-20 17:54:23,451 - INFO - Disconnected from the database
2025-04-20 17:54:23,451 - INFO - Application shut down successfully.
2025-04-20 17:54:25,814 - INFO - Starting up the application...
2025-04-20 17:54:25,824 - INFO - Application started up successfully.
2025-04-20 17:54:27,513 - INFO - Request: POST http://127.0.0.1:8000/api/v1/model/analyze
2025-04-20 17:54:38,174 - INFO - Request: POST http://127.0.0.1:8000/api/v1/auth/refresh
2025-04-20 17:54:38,175 - INFO - Response: 200
2025-04-20 17:54:44,601 - INFO - Request: POST http://127.0.0.1:8000/api/v1/model/analyze
2025-04-20 17:54:47,595 - INFO - Response: 200
2025-04-20 17:55:17,867 - INFO - Shutting down the application...
2025-04-20 17:55:17,869 - INFO - Disconnected from the database
2025-04-20 17:55:17,869 - INFO - Application shut down successfully.
2025-04-20 17:55:20,239 - INFO - Starting up the application...
2025-04-20 17:55:20,249 - INFO - Application started up successfully.
2025-04-20 17:56:17,232 - INFO - Request: POST http://127.0.0.1:8000/api/v1/model/analyze
2025-04-20 17:56:19,740 - INFO - Response: 200
2025-04-20 17:56:35,355 - INFO - Shutting down the application...
2025-04-20 17:56:35,360 - INFO - Disconnected from the database
2025-04-20 17:56:35,360 - INFO - Application shut down successfully.
2025-04-20 17:56:37,688 - INFO - Starting up the application...
2025-04-20 17:56:37,695 - INFO - Application started up successfully.
2025-04-20 17:56:39,953 - INFO - Request: POST http://127.0.0.1:8000/api/v1/model/analyze
2025-04-20 17:56:42,958 - INFO - Response: 200
2025-04-20 17:57:00,237 - INFO - Request: POST http://127.0.0.1:8000/api/v1/model/analyze
2025-04-20 17:57:03,135 - INFO - Response: 200
2025-04-20 17:57:11,491 - INFO - Shutting down the application...
2025-04-20 17:57:11,493 - INFO - Disconnected from the database
2025-04-20 17:57:11,493 - INFO - Application shut down successfully.
2025-04-20 17:57:13,842 - INFO - Starting up the application...
2025-04-20 17:57:13,851 - INFO - Application started up successfully.
2025-04-20 17:57:40,119 - INFO - Shutting down the application...
2025-04-20 17:57:40,123 - INFO - Disconnected from the database
2025-04-20 17:57:40,123 - INFO - Application shut down successfully.
2025-04-20 17:57:42,495 - INFO - Starting up the application...
2025-04-20 17:57:42,505 - INFO - Application started up successfully.
2025-04-20 17:57:44,507 - INFO - Request: POST http://127.0.0.1:8000/api/v1/model/analyze
2025-04-20 17:57:47,187 - INFO - Response: 200
2025-04-20 17:58:03,967 - INFO - Shutting down the application...
2025-04-20 17:58:03,971 - INFO - Disconnected from the database
2025-04-20 17:58:03,971 - INFO - Application shut down successfully.
2025-04-20 17:58:06,379 - INFO - Starting up the application...
2025-04-20 17:58:06,388 - INFO - Application started up successfully.
2025-04-20 17:58:11,604 - INFO - Shutting down the application...
2025-04-20 17:58:11,606 - INFO - Disconnected from the database
2025-04-20 17:58:11,606 - INFO - Application shut down successfully.
2025-04-20 17:58:13,867 - INFO - Starting up the application...
2025-04-20 17:58:13,877 - INFO - Application started up successfully.
2025-04-20 17:58:16,386 - INFO - Shutting down the application...
2025-04-20 17:58:16,390 - INFO - Disconnected from the database
2025-04-20 17:58:16,390 - INFO - Application shut down successfully.
2025-04-20 17:58:18,789 - INFO - Starting up the application...
2025-04-20 17:58:18,798 - INFO - Application started up successfully.
2025-04-20 17:58:22,209 - INFO - Shutting down the application...
2025-04-20 17:58:22,211 - INFO - Disconnected from the database
2025-04-20 17:58:22,211 - INFO - Application shut down successfully.
2025-04-20 17:58:27,365 - INFO - Starting up the application...
2025-04-20 17:58:27,374 - INFO - Application started up successfully.
2025-04-20 17:58:31,689 - INFO - Shutting down the application...
2025-04-20 17:58:31,692 - INFO - Disconnected from the database
2025-04-20 17:58:31,693 - INFO - Application shut down successfully.
2025-04-20 17:58:34,089 - INFO - Starting up the application...
2025-04-20 17:58:34,097 - INFO - Application started up successfully.
2025-04-20 17:58:49,657 - INFO - Request: GET http://127.0.0.1:8000/docs
2025-04-20 17:58:49,657 - INFO - Response: 200
2025-04-20 17:58:49,736 - INFO - Request: GET http://127.0.0.1:8000/openapi.json
2025-04-20 17:58:49,748 - INFO - Response: 200
2025-04-20 17:58:53,858 - INFO - Request: GET http://127.0.0.1:8000/api/v1/model/result/4547fec8-7045-44c8-8724-782ceb8cc60a
2025-04-20 17:58:53,878 - INFO - Response: 400
2025-04-20 17:58:58,045 - INFO - Request: GET http://127.0.0.1:8000/api/v1/model/result/4547fec8-7045-44c8-8724-782ceb8cc60a
2025-04-20 17:58:58,047 - INFO - Response: 400
2025-04-20 17:58:58,185 - INFO - Request: GET http://127.0.0.1:8000/api/v1/model/result/4547fec8-7045-44c8-8724-782ceb8cc60a
2025-04-20 17:58:58,186 - INFO - Response: 400
2025-04-20 17:58:58,424 - INFO - Request: GET http://127.0.0.1:8000/api/v1/model/result/4547fec8-7045-44c8-8724-782ceb8cc60a
2025-04-20 17:58:58,425 - INFO - Response: 400
2025-04-20 17:58:58,567 - INFO - Request: GET http://127.0.0.1:8000/api/v1/model/result/4547fec8-7045-44c8-8724-782ceb8cc60a
2025-04-20 17:58:58,568 - INFO - Response: 400
2025-04-20 17:59:14,350 - INFO - Request: GET http://127.0.0.1:8000/api/v1/model/result/4547fec8-7045-44c8-8724-782ceb8cc60a
2025-04-20 17:59:14,351 - INFO - Response: 400
2025-04-20 17:59:19,616 - INFO - Request: GET http://127.0.0.1:8000/api/v1/model/result/4547fec8-7045-44c8-8724-782ceb8cc60a
2025-04-20 17:59:19,617 - INFO - Response: 400
2025-04-20 17:59:19,773 - INFO - Request: GET http://127.0.0.1:8000/api/v1/model/result/4547fec8-7045-44c8-8724-782ceb8cc60a
2025-04-20 17:59:19,774 - INFO - Response: 400
2025-04-20 17:59:54,627 - INFO - Shutting down the application...
2025-04-20 17:59:54,631 - INFO - Disconnected from the database
2025-04-20 17:59:54,631 - INFO - Application shut down successfully.
2025-04-20 17:59:57,054 - INFO - Starting up the application...
2025-04-20 17:59:57,063 - INFO - Application started up successfully.
2025-04-20 17:59:59,462 - INFO - Starting up the application...
2025-04-20 17:59:59,472 - INFO - Application started up successfully.
2025-04-20 17:59:59,975 - INFO - Shutting down the application...
2025-04-20 17:59:59,978 - INFO - Disconnected from the database
2025-04-20 17:59:59,978 - INFO - Application shut down successfully.
2025-04-20 18:00:02,393 - INFO - Starting up the application...
2025-04-20 18:00:02,401 - INFO - Application started up successfully.
2025-04-20 18:00:05,211 - INFO - Shutting down the application...
2025-04-20 18:00:05,216 - INFO - Disconnected from the database
2025-04-20 18:00:05,216 - INFO - Application shut down successfully.
2025-04-20 18:00:07,578 - INFO - Starting up the application...
2025-04-20 18:00:07,587 - INFO - Application started up successfully.
2025-04-20 18:00:09,867 - INFO - Starting up the application...
2025-04-20 18:00:09,876 - INFO - Application started up successfully.
2025-04-20 18:00:17,921 - INFO - Request: GET http://127.0.0.1:8000/api/v1/model/result/4547fec8-7045-44c8-8724-782ceb8cc60a
2025-04-20 18:00:17,934 - INFO - Response: 400
2025-04-20 18:02:10,093 - INFO - Shutting down the application...
2025-04-20 18:02:10,097 - INFO - Disconnected from the database
2025-04-20 18:02:10,097 - INFO - Application shut down successfully.
2025-04-20 18:02:12,556 - INFO - Starting up the application...
2025-04-20 18:02:12,566 - INFO - Application started up successfully.
2025-04-20 18:02:15,375 - INFO - Shutting down the application...
2025-04-20 18:02:15,379 - INFO - Disconnected from the database
2025-04-20 18:02:15,380 - INFO - Application shut down successfully.
2025-04-20 18:02:17,804 - INFO - Starting up the application...
2025-04-20 18:02:17,813 - INFO - Application started up successfully.
2025-04-20 18:02:18,315 - INFO - Shutting down the application...
2025-04-20 18:02:18,319 - INFO - Disconnected from the database
2025-04-20 18:02:18,319 - INFO - Application shut down successfully.
2025-04-20 18:02:20,776 - INFO - Starting up the application...
2025-04-20 18:02:20,785 - INFO - Application started up successfully.
2025-04-20 18:02:31,217 - INFO - Shutting down the application...
2025-04-20 18:02:31,222 - INFO - Disconnected from the database
2025-04-20 18:02:31,222 - INFO - Application shut down successfully.
2025-04-20 18:02:33,539 - INFO - Starting up the application...
2025-04-20 18:02:33,548 - INFO - Application started up successfully.
2025-04-20 18:05:31,946 - INFO - Shutting down the application...
2025-04-20 18:05:31,948 - INFO - Disconnected from the database
2025-04-20 18:05:31,948 - INFO - Application shut down successfully.
2025-04-20 18:05:34,250 - INFO - Starting up the application...
2025-04-20 18:05:34,258 - INFO - Application started up successfully.
2025-04-20 18:05:54,058 - INFO - Request: POST http://127.0.0.1:8000/api/v1/model/analyze
2025-04-20 18:05:58,385 - INFO - Response: 200
2025-04-20 18:06:06,962 - INFO - Request: GET http://127.0.0.1:8000/api/v1/model/result/a2e29f74-5eaa-46cd-a6f5-839c1a0ded37
2025-04-20 18:06:06,967 - INFO - Response: 400
2025-04-20 18:07:53,840 - INFO - Shutting down the application...
2025-04-20 18:07:53,844 - INFO - Disconnected from the database
2025-04-20 18:07:53,845 - INFO - Application shut down successfully.
2025-04-20 18:08:10,395 - INFO - Starting up the application...
2025-04-20 18:08:10,406 - INFO - Application started up successfully.
2025-04-20 18:08:12,872 - INFO - Starting up the application...
2025-04-20 18:08:12,882 - INFO - Application started up successfully.
2025-04-20 18:08:15,268 - INFO - Starting up the application...
2025-04-20 18:08:15,278 - INFO - Application started up successfully.
2025-04-20 18:08:15,964 - INFO - Request: GET http://127.0.0.1:8000/api/v1/model/result/a2e29f74-5eaa-46cd-a6f5-839c1a0ded37
2025-04-20 18:08:15,971 - INFO - Response: 400
2025-04-20 18:09:21,351 - INFO - Shutting down the application...
2025-04-20 18:09:21,356 - INFO - Disconnected from the database
2025-04-20 18:09:21,356 - INFO - Application shut down successfully.
2025-04-20 18:09:23,700 - INFO - Starting up the application...
2025-04-20 18:09:23,709 - INFO - Application started up successfully.
2025-04-20 18:09:24,713 - INFO - Shutting down the application...
2025-04-20 18:09:24,718 - INFO - Disconnected from the database
2025-04-20 18:09:24,718 - INFO - Application shut down successfully.
2025-04-20 18:09:27,019 - INFO - Starting up the application...
2025-04-20 18:09:27,029 - INFO - Application started up successfully.
2025-04-20 18:09:42,257 - INFO - Request: GET http://127.0.0.1:8000/api/v1/model/result/a2e29f74-5eaa-46cd-a6f5-839c1a0ded37
2025-04-20 18:09:53,534 - INFO - Request: POST http://127.0.0.1:8000/api/v1/auth/refresh
2025-04-20 18:09:53,535 - INFO - Response: 200
2025-04-20 18:09:57,027 - INFO - Request: POST http://127.0.0.1:8000/api/v1/model/analyze
2025-04-20 18:10:00,730 - INFO - Response: 200
2025-04-20 18:10:18,998 - INFO - Request: GET http://127.0.0.1:8000/api/v1/model/result/2fb3ab4f-4819-47b5-bd52-0fc1ddcfd2bd
2025-04-20 18:10:19,005 - INFO - Response: 400
2025-04-20 18:11:24,299 - INFO - Request: GET http://127.0.0.1:8000/api/v1/model/result/2fb3ab4f-4819-47b5-bd52-0fc1ddcfd2bd
2025-04-20 18:11:24,300 - INFO - Response: 400
2025-04-20 18:12:29,623 - INFO - Shutting down the application...
2025-04-20 18:12:29,626 - INFO - Disconnected from the database
2025-04-20 18:12:29,627 - INFO - Application shut down successfully.
2025-04-20 18:12:32,103 - INFO - Starting up the application...
2025-04-20 18:12:32,110 - INFO - Application started up successfully.
2025-04-20 18:12:34,490 - INFO - Starting up the application...
2025-04-20 18:12:34,502 - INFO - Application started up successfully.
2025-04-20 18:12:36,008 - INFO - Shutting down the application...
2025-04-20 18:12:36,012 - INFO - Disconnected from the database
2025-04-20 18:12:36,012 - INFO - Application shut down successfully.
2025-04-20 18:12:38,419 - INFO - Starting up the application...
2025-04-20 18:12:38,429 - INFO - Application started up successfully.
2025-04-20 18:12:46,845 - INFO - Request: GET http://127.0.0.1:8000/api/v1/model/result/2fb3ab4f-4819-47b5-bd52-0fc1ddcfd2bd
2025-04-20 18:12:46,857 - INFO - Response: 400
2025-04-20 18:13:36,286 - INFO - Shutting down the application...
2025-04-20 18:13:36,290 - INFO - Disconnected from the database
2025-04-20 18:13:36,290 - INFO - Application shut down successfully.
2025-04-20 18:13:40,995 - INFO - Starting up the application...
2025-04-20 18:13:41,002 - INFO - Application started up successfully.
2025-04-20 18:13:43,312 - INFO - Starting up the application...
2025-04-20 18:13:43,322 - INFO - Application started up successfully.
2025-04-20 18:13:55,988 - INFO - Request: GET http://127.0.0.1:8000/api/v1/model/result/2fb3ab4f-4819-47b5-bd52-0fc1ddcfd2bd
2025-04-20 18:13:55,997 - INFO - Response: 400
2025-04-20 18:14:03,477 - INFO - Shutting down the application...
2025-04-20 18:14:03,481 - INFO - Disconnected from the database
2025-04-20 18:14:03,481 - INFO - Application shut down successfully.
2025-04-20 18:14:05,778 - INFO - Starting up the application...
2025-04-20 18:14:05,787 - INFO - Application started up successfully.
2025-04-20 18:14:56,907 - INFO - Starting up the application...
2025-04-20 18:14:56,915 - INFO - Application started up successfully.
2025-04-20 18:14:59,680 - INFO - Request: POST http://127.0.0.1:8000/api/v1/model/analyze
2025-04-20 18:15:03,335 - INFO - Response: 200
2025-04-20 18:15:12,242 - INFO - Request: GET http://127.0.0.1:8000/api/v1/model/result/0d233ca7-c053-48b8-b205-36516a2afae7
2025-04-20 18:15:12,247 - INFO - Response: 400
2025-04-20 18:16:13,054 - INFO - Request: POST http://127.0.0.1:8000/api/v1/model/analyze
2025-04-20 18:16:16,205 - INFO - Response: 200
2025-04-20 18:16:26,896 - INFO - Request: GET http://127.0.0.1:8000/docs
2025-04-20 18:16:26,896 - INFO - Response: 200
2025-04-20 18:16:26,978 - INFO - Request: GET http://127.0.0.1:8000/openapi.json
2025-04-20 18:16:26,993 - INFO - Response: 200
2025-04-20 18:16:30,322 - INFO - Request: GET http://127.0.0.1:8000/api/v1/model/result/1b861b78-2fe7-4d1b-9b78-fbd58ec3c2d4
2025-04-20 18:16:30,323 - INFO - Response: 400
2025-04-20 18:17:20,718 - INFO - Shutting down the application...
2025-04-20 18:17:20,722 - INFO - Disconnected from the database
2025-04-20 18:17:20,722 - INFO - Application shut down successfully.
2025-04-20 18:17:23,109 - INFO - Starting up the application...
2025-04-20 18:17:23,123 - INFO - Application started up successfully.
2025-04-20 18:17:32,993 - INFO - Starting up the application...
2025-04-20 18:17:33,002 - INFO - Application started up successfully.
2025-04-20 18:17:33,504 - INFO - Shutting down the application...
2025-04-20 18:17:33,507 - INFO - Disconnected from the database
2025-04-20 18:17:33,507 - INFO - Application shut down successfully.
2025-04-20 18:17:35,996 - INFO - Starting up the application...
2025-04-20 18:17:36,006 - INFO - Application started up successfully.
2025-04-20 18:17:38,412 - INFO - Starting up the application...
2025-04-20 18:17:38,420 - INFO - Application started up successfully.
2025-04-20 18:17:40,681 - INFO - Starting up the application...
2025-04-20 18:17:40,691 - INFO - Application started up successfully.
2025-04-20 18:17:54,900 - INFO - Starting up the application...
2025-04-20 18:17:54,909 - INFO - Application started up successfully.
2025-04-20 18:18:00,109 - INFO - Request: GET http://127.0.0.1:8000/docs
2025-04-20 18:18:00,110 - INFO - Response: 200
2025-04-20 18:18:00,187 - INFO - Request: GET http://127.0.0.1:8000/openapi.json
2025-04-20 18:18:00,200 - INFO - Response: 200
2025-04-20 18:18:16,624 - INFO - Request: GET http://127.0.0.1:8000/api/v1/analysis/?page=1&limit=10
2025-04-20 18:18:16,629 - INFO - Response: 400
2025-04-20 18:18:35,358 - INFO - Request: GET http://127.0.0.1:8000/api/v1/analysis/?page=1&limit=10
2025-04-20 18:18:35,360 - INFO - Response: 400
2025-04-20 18:19:23,653 - INFO - Shutting down the application...
2025-04-20 18:19:23,656 - INFO - Disconnected from the database
2025-04-20 18:19:23,656 - INFO - Application shut down successfully.
2025-04-20 18:19:27,265 - INFO - Starting up the application...
2025-04-20 18:19:27,274 - INFO - Application started up successfully.
2025-04-20 18:19:36,300 - INFO - Shutting down the application...
2025-04-20 18:19:36,304 - INFO - Disconnected from the database
2025-04-20 18:19:36,304 - INFO - Application shut down successfully.
2025-04-20 18:19:40,842 - INFO - Starting up the application...
2025-04-20 18:19:40,852 - INFO - Application started up successfully.
2025-04-20 18:19:42,358 - INFO - Shutting down the application...
2025-04-20 18:19:42,361 - INFO - Disconnected from the database
2025-04-20 18:19:42,361 - INFO - Application shut down successfully.
2025-04-20 18:19:48,936 - INFO - Starting up the application...
2025-04-20 18:19:48,943 - INFO - Application started up successfully.
2025-04-20 18:20:07,532 - INFO - Request: GET http://127.0.0.1:8000/api/v1/analysis/?page=1&limit=10
2025-04-20 18:20:07,537 - INFO - Response: 400
2025-04-20 18:20:33,665 - INFO - Shutting down the application...
2025-04-20 18:20:33,668 - INFO - Disconnected from the database
2025-04-20 18:20:33,669 - INFO - Application shut down successfully.
2025-04-20 18:20:36,109 - INFO - Starting up the application...
2025-04-20 18:20:36,117 - INFO - Application started up successfully.
2025-04-20 18:20:36,619 - INFO - Shutting down the application...
2025-04-20 18:20:36,621 - INFO - Disconnected from the database
2025-04-20 18:20:36,621 - INFO - Application shut down successfully.
2025-04-20 18:20:46,669 - INFO - Starting up the application...
2025-04-20 18:20:46,678 - INFO - Application started up successfully.
2025-04-20 18:20:50,088 - INFO - Shutting down the application...
2025-04-20 18:20:50,093 - INFO - Disconnected from the database
2025-04-20 18:20:50,093 - INFO - Application shut down successfully.
2025-04-20 18:20:52,483 - INFO - Starting up the application...
2025-04-20 18:20:52,492 - INFO - Application started up successfully.
2025-04-20 18:20:54,846 - INFO - Starting up the application...
2025-04-20 18:20:54,855 - INFO - Application started up successfully.
2025-04-20 18:20:54,863 - INFO - Request: GET http://127.0.0.1:8000/api/v1/analysis/?page=1&limit=10
2025-04-20 18:20:54,870 - INFO - Response: 200
2025-04-20 18:20:59,156 - INFO - Request: GET http://127.0.0.1:8000/api/v1/analysis/?page=1&limit=10
2025-04-20 18:20:59,158 - INFO - Response: 200
2025-04-20 18:21:21,216 - INFO - Request: DELETE http://127.0.0.1:8000/api/v1/analysis/2
2025-04-20 18:21:21,224 - INFO - Response: 200
2025-04-20 18:21:25,443 - INFO - Shutting down the application...
2025-04-20 18:21:25,446 - INFO - Disconnected from the database
2025-04-20 18:21:25,446 - INFO - Application shut down successfully.
